# JRE version: OpenJDK Runtime Environment Temurin-21.0.8+9 (21.0.8+9) (build 21.0.8+9-LTS)
# Java VM: OpenJDK 64-Bit Server VM Temurin-21.0.8+9 (21.0.8+9-LTS, mixed mode, sharing, tiered, compressed oops, compressed class ptrs, parallel gc, windows-amd64)
GC Precious Log:
 CardTable entry size: 512
 CPUs: 20 total, 20 available
 Memory: 16068M
 Large Page Support: Disabled
 NUMA Support: Disabled
 Compressed Oops: Enabled (32-bit)
 Alignments: Space 512K, Generation 512K, Heap 2M
 Heap Min Capacity: 100M
 Heap Initial Capacity: 100M
 Heap Max Capacity: 2G
 Pre-touch: Disabled
 Parallel Workers: 15
Heap:
 PSYoungGen      total 14336K, used 9296K [0x00000000d5580000, 0x00000000d6580000, 0x0000000100000000)
  eden space 12800K, 62% used [0x00000000d5580000,0x00000000d5d443c0,0x00000000d6200000)
  from space 1536K, 87% used [0x00000000d6280000,0x00000000d63d0000,0x00000000d6400000)
  to   space 1536K, 0% used [0x00000000d6400000,0x00000000d6400000,0x00000000d6580000)
 ParOldGen       total 68608K, used 58309K [0x0000000080000000, 0x0000000084300000, 0x00000000d5580000)
  object space 68608K, 84% used [0x0000000080000000,0x00000000838f1590,0x0000000084300000)
 Metaspace       used 57686K, committed 59008K, reserved 1114112K
  class space    used 6758K, committed 7296K, reserved 1048576K
GC Heap History (20 events):
Event: 8.214 GC heap before
{Heap before GC invocations=36 (full 2):
 PSYoungGen      total 14336K, used 14208K [0x00000000d5580000, 0x00000000d6700000, 0x0000000100000000)
  eden space 12800K, 100% used [0x00000000d5580000,0x00000000d6200000,0x00000000d6200000)
  from space 1536K, 91% used [0x00000000d6200000,0x00000000d6360030,0x00000000d6380000)
  to   space 2560K, 0% used [0x00000000d6480000,0x00000000d6480000,0x00000000d6700000)
 ParOldGen       total 68608K, used 45931K [0x0000000080000000, 0x0000000084300000, 0x00000000d5580000)
  object space 68608K, 66% used [0x0000000080000000,0x0000000082cdafb0,0x0000000084300000)
 Metaspace       used 56535K, committed 57920K, reserved 1114112K
  class space    used 6644K, committed 7232K, reserved 1048576K
}
Event: 8.215 GC heap after
{Heap after GC invocations=36 (full 2):
 PSYoungGen      total 14336K, used 1376K [0x00000000d5580000, 0x00000000d6600000, 0x0000000100000000)
  eden space 12800K, 0% used [0x00000000d5580000,0x00000000d5580000,0x00000000d6200000)
  from space 1536K, 89% used [0x00000000d6480000,0x00000000d65d8010,0x00000000d6600000)
  to   space 1536K, 0% used [0x00000000d6200000,0x00000000d6200000,0x00000000d6380000)
 ParOldGen       total 68608K, used 47123K [0x0000000080000000, 0x0000000084300000, 0x00000000d5580000)
  object space 68608K, 68% used [0x0000000080000000,0x0000000082e04fe0,0x0000000084300000)
 Metaspace       used 56535K, committed 57920K, reserved 1114112K
  class space    used 6644K, committed 7232K, reserved 1048576K
}
Event: 8.302 GC heap before
{Heap before GC invocations=37 (full 2):
 PSYoungGen      total 14336K, used 14176K [0x00000000d5580000, 0x00000000d6600000, 0x0000000100000000)
  eden space 12800K, 100% used [0x00000000d5580000,0x00000000d6200000,0x00000000d6200000)
  from space 1536K, 89% used [0x00000000d6480000,0x00000000d65d8010,0x00000000d6600000)
  to   space 1536K, 0% used [0x00000000d6200000,0x00000000d6200000,0x00000000d6380000)
 ParOldGen       total 68608K, used 47123K [0x0000000080000000, 0x0000000084300000, 0x00000000d5580000)
  object space 68608K, 68% used [0x0000000080000000,0x0000000082e04fe0,0x0000000084300000)
 Metaspace       used 56930K, committed 58240K, reserved 1114112K
  class space    used 6702K, committed 7232K, reserved 1048576K
}
Event: 8.304 GC heap after
{Heap after GC invocations=37 (full 2):
 PSYoungGen      total 14336K, used 1506K [0x00000000d5580000, 0x00000000d6800000, 0x0000000100000000)
  eden space 12800K, 0% used [0x00000000d5580000,0x00000000d5580000,0x00000000d6200000)
  from space 1536K, 98% used [0x00000000d6200000,0x00000000d6378810,0x00000000d6380000)
  to   space 3072K, 0% used [0x00000000d6500000,0x00000000d6500000,0x00000000d6800000)
 ParOldGen       total 68608K, used 48347K [0x0000000080000000, 0x0000000084300000, 0x00000000d5580000)
  object space 68608K, 70% used [0x0000000080000000,0x0000000082f36ff0,0x0000000084300000)
 Metaspace       used 56930K, committed 58240K, reserved 1114112K
  class space    used 6702K, committed 7232K, reserved 1048576K
}
Event: 8.317 GC heap before
{Heap before GC invocations=38 (full 2):
 PSYoungGen      total 14336K, used 14306K [0x00000000d5580000, 0x00000000d6800000, 0x0000000100000000)
  eden space 12800K, 100% used [0x00000000d5580000,0x00000000d6200000,0x00000000d6200000)
  from space 1536K, 98% used [0x00000000d6200000,0x00000000d6378810,0x00000000d6380000)
  to   space 3072K, 0% used [0x00000000d6500000,0x00000000d6500000,0x00000000d6800000)
 ParOldGen       total 68608K, used 48347K [0x0000000080000000, 0x0000000084300000, 0x00000000d5580000)
  object space 68608K, 70% used [0x0000000080000000,0x0000000082f36ff0,0x0000000084300000)
 Metaspace       used 56935K, committed 58240K, reserved 1114112K
  class space    used 6702K, committed 7232K, reserved 1048576K
}
Event: 8.319 GC heap after
{Heap after GC invocations=38 (full 2):
 PSYoungGen      total 14336K, used 1408K [0x00000000d5580000, 0x00000000d6680000, 0x0000000100000000)
  eden space 12800K, 0% used [0x00000000d5580000,0x00000000d5580000,0x00000000d6200000)
  from space 1536K, 91% used [0x00000000d6500000,0x00000000d6660010,0x00000000d6680000)
  to   space 2048K, 0% used [0x00000000d6280000,0x00000000d6280000,0x00000000d6480000)
 ParOldGen       total 68608K, used 49786K [0x0000000080000000, 0x0000000084300000, 0x00000000d5580000)
  object space 68608K, 72% used [0x0000000080000000,0x000000008309e928,0x0000000084300000)
 Metaspace       used 56935K, committed 58240K, reserved 1114112K
  class space    used 6702K, committed 7232K, reserved 1048576K
}
Event: 8.337 GC heap before
{Heap before GC invocations=39 (full 2):
 PSYoungGen      total 14336K, used 14208K [0x00000000d5580000, 0x00000000d6680000, 0x0000000100000000)
  eden space 12800K, 100% used [0x00000000d5580000,0x00000000d6200000,0x00000000d6200000)
  from space 1536K, 91% used [0x00000000d6500000,0x00000000d6660010,0x00000000d6680000)
  to   space 2048K, 0% used [0x00000000d6280000,0x00000000d6280000,0x00000000d6480000)
 ParOldGen       total 68608K, used 49786K [0x0000000080000000, 0x0000000084300000, 0x00000000d5580000)
  object space 68608K, 72% used [0x0000000080000000,0x000000008309e928,0x0000000084300000)
 Metaspace       used 56943K, committed 58240K, reserved 1114112K
  class space    used 6702K, committed 7232K, reserved 1048576K
}
Event: 8.338 GC heap after
{Heap after GC invocations=39 (full 2):
 PSYoungGen      total 14336K, used 1536K [0x00000000d5580000, 0x00000000d6600000, 0x0000000100000000)
  eden space 12800K, 0% used [0x00000000d5580000,0x00000000d5580000,0x00000000d6200000)
  from space 1536K, 100% used [0x00000000d6280000,0x00000000d6400000,0x00000000d6400000)
  to   space 2048K, 0% used [0x00000000d6400000,0x00000000d6400000,0x00000000d6600000)
 ParOldGen       total 68608K, used 51050K [0x0000000080000000, 0x0000000084300000, 0x00000000d5580000)
  object space 68608K, 74% used [0x0000000080000000,0x00000000831da938,0x0000000084300000)
 Metaspace       used 56943K, committed 58240K, reserved 1114112K
  class space    used 6702K, committed 7232K, reserved 1048576K
}
Event: 8.352 GC heap before
{Heap before GC invocations=40 (full 2):
 PSYoungGen      total 14336K, used 14336K [0x00000000d5580000, 0x00000000d6600000, 0x0000000100000000)
  eden space 12800K, 100% used [0x00000000d5580000,0x00000000d6200000,0x00000000d6200000)
  from space 1536K, 100% used [0x00000000d6280000,0x00000000d6400000,0x00000000d6400000)
  to   space 2048K, 0% used [0x00000000d6400000,0x00000000d6400000,0x00000000d6600000)
 ParOldGen       total 68608K, used 51050K [0x0000000080000000, 0x0000000084300000, 0x00000000d5580000)
  object space 68608K, 74% used [0x0000000080000000,0x00000000831da938,0x0000000084300000)
 Metaspace       used 56944K, committed 58240K, reserved 1114112K
  class space    used 6702K, committed 7232K, reserved 1048576K
}
Event: 8.354 GC heap after
{Heap after GC invocations=40 (full 2):
 PSYoungGen      total 14336K, used 1216K [0x00000000d5580000, 0x00000000d6580000, 0x0000000100000000)
  eden space 12800K, 0% used [0x00000000d5580000,0x00000000d5580000,0x00000000d6200000)
  from space 1536K, 79% used [0x00000000d6400000,0x00000000d6530000,0x00000000d6580000)
  to   space 1536K, 0% used [0x00000000d6280000,0x00000000d6280000,0x00000000d6400000)
 ParOldGen       total 68608K, used 52406K [0x0000000080000000, 0x0000000084300000, 0x00000000d5580000)
  object space 68608K, 76% used [0x0000000080000000,0x000000008332db68,0x0000000084300000)
 Metaspace       used 56944K, committed 58240K, reserved 1114112K
  class space    used 6702K, committed 7232K, reserved 1048576K
}
Event: 8.371 GC heap before
{Heap before GC invocations=41 (full 2):
 PSYoungGen      total 14336K, used 14016K [0x00000000d5580000, 0x00000000d6580000, 0x0000000100000000)
  eden space 12800K, 100% used [0x00000000d5580000,0x00000000d6200000,0x00000000d6200000)
  from space 1536K, 79% used [0x00000000d6400000,0x00000000d6530000,0x00000000d6580000)
  to   space 1536K, 0% used [0x00000000d6280000,0x00000000d6280000,0x00000000d6400000)
 ParOldGen       total 68608K, used 52406K [0x0000000080000000, 0x0000000084300000, 0x00000000d5580000)
  object space 68608K, 76% used [0x0000000080000000,0x000000008332db68,0x0000000084300000)
 Metaspace       used 56951K, committed 58240K, reserved 1114112K
  class space    used 6702K, committed 7232K, reserved 1048576K
}
Event: 8.373 GC heap after
{Heap after GC invocations=41 (full 2):
 PSYoungGen      total 14336K, used 1508K [0x00000000d5580000, 0x00000000d6600000, 0x0000000100000000)
  eden space 12800K, 0% used [0x00000000d5580000,0x00000000d5580000,0x00000000d6200000)
  from space 1536K, 98% used [0x00000000d6280000,0x00000000d63f9000,0x00000000d6400000)
  to   space 2048K, 0% used [0x00000000d6400000,0x00000000d6400000,0x00000000d6600000)
 ParOldGen       total 68608K, used 53350K [0x0000000080000000, 0x0000000084300000, 0x00000000d5580000)
  object space 68608K, 77% used [0x0000000080000000,0x0000000083419b68,0x0000000084300000)
 Metaspace       used 56951K, committed 58240K, reserved 1114112K
  class space    used 6702K, committed 7232K, reserved 1048576K
}
Event: 8.392 GC heap before
{Heap before GC invocations=42 (full 2):
 PSYoungGen      total 14336K, used 14308K [0x00000000d5580000, 0x00000000d6600000, 0x0000000100000000)
  eden space 12800K, 100% used [0x00000000d5580000,0x00000000d6200000,0x00000000d6200000)
  from space 1536K, 98% used [0x00000000d6280000,0x00000000d63f9000,0x00000000d6400000)
  to   space 2048K, 0% used [0x00000000d6400000,0x00000000d6400000,0x00000000d6600000)
 ParOldGen       total 68608K, used 53350K [0x0000000080000000, 0x0000000084300000, 0x00000000d5580000)
  object space 68608K, 77% used [0x0000000080000000,0x0000000083419b68,0x0000000084300000)
 Metaspace       used 56970K, committed 58304K, reserved 1114112K
  class space    used 6705K, committed 7296K, reserved 1048576K
}
Event: 8.394 GC heap after
{Heap after GC invocations=42 (full 2):
 PSYoungGen      total 14336K, used 1344K [0x00000000d5580000, 0x00000000d6580000, 0x0000000100000000)
  eden space 12800K, 0% used [0x00000000d5580000,0x00000000d5580000,0x00000000d6200000)
  from space 1536K, 87% used [0x00000000d6400000,0x00000000d6550000,0x00000000d6580000)
  to   space 1536K, 0% used [0x00000000d6280000,0x00000000d6280000,0x00000000d6400000)
 ParOldGen       total 68608K, used 54676K [0x0000000080000000, 0x0000000084300000, 0x00000000d5580000)
  object space 68608K, 79% used [0x0000000080000000,0x0000000083565380,0x0000000084300000)
 Metaspace       used 56970K, committed 58304K, reserved 1114112K
  class space    used 6705K, committed 7296K, reserved 1048576K
}
Event: 8.419 GC heap before
{Heap before GC invocations=43 (full 2):
 PSYoungGen      total 14336K, used 14144K [0x00000000d5580000, 0x00000000d6580000, 0x0000000100000000)
  eden space 12800K, 100% used [0x00000000d5580000,0x00000000d6200000,0x00000000d6200000)
  from space 1536K, 87% used [0x00000000d6400000,0x00000000d6550000,0x00000000d6580000)
  to   space 1536K, 0% used [0x00000000d6280000,0x00000000d6280000,0x00000000d6400000)
 ParOldGen       total 68608K, used 54676K [0x0000000080000000, 0x0000000084300000, 0x00000000d5580000)
  object space 68608K, 79% used [0x0000000080000000,0x0000000083565380,0x0000000084300000)
 Metaspace       used 56994K, committed 58304K, reserved 1114112K
  class space    used 6705K, committed 7296K, reserved 1048576K
}
Event: 8.420 GC heap after
{Heap after GC invocations=43 (full 2):
 PSYoungGen      total 14336K, used 1504K [0x00000000d5580000, 0x00000000d6800000, 0x0000000100000000)
  eden space 12800K, 0% used [0x00000000d5580000,0x00000000d5580000,0x00000000d6200000)
  from space 1536K, 97% used [0x00000000d6280000,0x00000000d63f8010,0x00000000d6400000)
  to   space 3072K, 0% used [0x00000000d6500000,0x00000000d6500000,0x00000000d6800000)
 ParOldGen       total 68608K, used 55844K [0x0000000080000000, 0x0000000084300000, 0x00000000d5580000)
  object space 68608K, 81% used [0x0000000080000000,0x0000000083689380,0x0000000084300000)
 Metaspace       used 56994K, committed 58304K, reserved 1114112K
  class space    used 6705K, committed 7296K, reserved 1048576K
}
Event: 8.438 GC heap before
{Heap before GC invocations=44 (full 2):
 PSYoungGen      total 14336K, used 14304K [0x00000000d5580000, 0x00000000d6800000, 0x0000000100000000)
  eden space 12800K, 100% used [0x00000000d5580000,0x00000000d6200000,0x00000000d6200000)
  from space 1536K, 97% used [0x00000000d6280000,0x00000000d63f8010,0x00000000d6400000)
  to   space 3072K, 0% used [0x00000000d6500000,0x00000000d6500000,0x00000000d6800000)
 ParOldGen       total 68608K, used 55844K [0x0000000080000000, 0x0000000084300000, 0x00000000d5580000)
  object space 68608K, 81% used [0x0000000080000000,0x0000000083689380,0x0000000084300000)
 Metaspace       used 57008K, committed 58368K, reserved 1114112K
  class space    used 6705K, committed 7296K, reserved 1048576K
}
Event: 8.440 GC heap after
{Heap after GC invocations=44 (full 2):
 PSYoungGen      total 14336K, used 1312K [0x00000000d5580000, 0x00000000d6680000, 0x0000000100000000)
  eden space 12800K, 0% used [0x00000000d5580000,0x00000000d5580000,0x00000000d6200000)
  from space 1536K, 85% used [0x00000000d6500000,0x00000000d6648000,0x00000000d6680000)
  to   space 2048K, 0% used [0x00000000d6280000,0x00000000d6280000,0x00000000d6480000)
 ParOldGen       total 68608K, used 57148K [0x0000000080000000, 0x0000000084300000, 0x00000000d5580000)
  object space 68608K, 83% used [0x0000000080000000,0x00000000837cf390,0x0000000084300000)
 Metaspace       used 57008K, committed 58368K, reserved 1114112K
  class space    used 6705K, committed 7296K, reserved 1048576K
}
Event: 8.466 GC heap before
{Heap before GC invocations=45 (full 2):
 PSYoungGen      total 14336K, used 14112K [0x00000000d5580000, 0x00000000d6680000, 0x0000000100000000)
  eden space 12800K, 100% used [0x00000000d5580000,0x00000000d6200000,0x00000000d6200000)
  from space 1536K, 85% used [0x00000000d6500000,0x00000000d6648000,0x00000000d6680000)
  to   space 2048K, 0% used [0x00000000d6280000,0x00000000d6280000,0x00000000d6480000)
 ParOldGen       total 68608K, used 57148K [0x0000000080000000, 0x0000000084300000, 0x00000000d5580000)
  object space 68608K, 83% used [0x0000000080000000,0x00000000837cf390,0x0000000084300000)
 Metaspace       used 57078K, committed 58432K, reserved 1114112K
  class space    used 6707K, committed 7296K, reserved 1048576K
}
Event: 8.467 GC heap after
{Heap after GC invocations=45 (full 2):
 PSYoungGen      total 14336K, used 1344K [0x00000000d5580000, 0x00000000d6580000, 0x0000000100000000)
  eden space 12800K, 0% used [0x00000000d5580000,0x00000000d5580000,0x00000000d6200000)
  from space 1536K, 87% used [0x00000000d6280000,0x00000000d63d0000,0x00000000d6400000)
  to   space 1536K, 0% used [0x00000000d6400000,0x00000000d6400000,0x00000000d6580000)
 ParOldGen       total 68608K, used 58309K [0x0000000080000000, 0x0000000084300000, 0x00000000d5580000)
  object space 68608K, 84% used [0x0000000080000000,0x00000000838f1590,0x0000000084300000)
 Metaspace       used 57078K, committed 58432K, reserved 1114112K
  class space    used 6707K, committed 7296K, reserved 1048576K
}

